<?xml version="1.0" encoding="UTF-8"?>
<testsuite xmlns:xsi="http://www.w3.org/2001/XMLSchema-instance" xsi:noNamespaceSchemaLocation="https://maven.apache.org/surefire/maven-surefire-plugin/xsd/surefire-test-report.xsd" version="3.0.2" name="TestSuite" time="135.618" tests="5" errors="0" skipped="0" failures="0">
  <properties>
[...]
</properties>
  <testcase name="runScenario[&quot;Validate Title&quot;, &quot;Homepage Functionality&quot;](1)" classname="Runner.Runnerclass" time="24.959">
    <system-out><![CDATA[
Scenario: Validate Title                      &amp#27;[90m# src/test/resources/Appfeatures/HomePage.feature:3&amp#27;[0m
  &amp#27;[32mGiven &amp#27;[0m&amp#27;[32mthe user is at the Homepage&amp#27;[0m           &amp#27;[90m# Stepdefination.Homepagestepdef.the_user_is_at_the_homepage()&amp#27;[0m
  &amp#27;[32mThen &amp#27;[0m&amp#27;[32mpage title should contain &amp#27;[0m&amp#27;[32m&amp#27;[1m"Your Store"&amp#27;[0m &amp#27;[90m# Stepdefination.Homepagestepdef.page_title_should_contain(java.lang.String)&amp#27;[0m
]]></system-out>
    <system-err><![CDATA[SLF4J(W): No SLF4J providers were found.
SLF4J(W): Defaulting to no-operation (NOP) logger implementation
SLF4J(W): See https://www.slf4j.org/codes.html#noProviders for further details.
]]></system-err>
  </testcase>
  <testcase name="runScenario[&quot;Verify Shopping cart icon&quot;, &quot;Homepage Functionality&quot;](2)" classname="Runner.Runnerclass" time="25.319">
    <system-out><![CDATA[
Scenario: Verify Shopping cart icon           &amp#27;[90m# src/test/resources/Appfeatures/HomePage.feature:7&amp#27;[0m
  &amp#27;[32mGiven &amp#27;[0m&amp#27;[32mthe user is at the Homepage&amp#27;[0m           &amp#27;[90m# Stepdefination.Homepagestepdef.the_user_is_at_the_homepage()&amp#27;[0m
  &amp#27;[32mThen &amp#27;[0m&amp#27;[32mshopping cart icon should be displayed&amp#27;[0m &amp#27;[90m# Stepdefination.Homepagestepdef.shopping_cart_icon_should_be_displayed()&amp#27;[0m
]]></system-out>
  </testcase>
  <testcase name="runScenario[&quot;Checkout featured section&quot;, &quot;Homepage Functionality&quot;](3)" classname="Runner.Runnerclass" time="26.308">
    <system-out><![CDATA[
Scenario: Checkout featured section               &amp#27;[90m# src/test/resources/Appfeatures/HomePage.feature:11&amp#27;[0m
  &amp#27;[32mGiven &amp#27;[0m&amp#27;[32mthe user is at the Homepage&amp#27;[0m               &amp#27;[90m# Stepdefination.Homepagestepdef.the_user_is_at_the_homepage()&amp#27;[0m
  &amp#27;[32mWhen &amp#27;[0m&amp#27;[32muser clicks on iPhone&amp#27;[0m                      &amp#27;[90m# Stepdefination.Homepagestepdef.user_clicks_on_i_phone()&amp#27;[0m
  &amp#27;[32mThen &amp#27;[0m&amp#27;[32muser should able to see brand name &amp#27;[0m&amp#27;[32m&amp#27;[1m"Apple"&amp#27;[0m &amp#27;[90m# Stepdefination.Homepagestepdef.user_should_able_to_see_brand_name(java.lang.String)&amp#27;[0m
]]></system-out>
  </testcase>
  <testcase name="runScenario[&quot;Login to App&quot;, &quot;Homepage Functionality&quot;](4)" classname="Runner.Runnerclass" time="32.026">
    <system-out><![CDATA[
Scenario Outline: Login to App                                  &amp#27;[90m# src/test/resources/Appfeatures/HomePage.feature:26&amp#27;[0m
  &amp#27;[32mGiven &amp#27;[0m&amp#27;[32mthe user is at the Homepage&amp#27;[0m                             &amp#27;[90m# Stepdefination.Homepagestepdef.the_user_is_at_the_homepage()&amp#27;[0m
  &amp#27;[32mWhen &amp#27;[0m&amp#27;[32muser clicks on my account dropdown&amp#27;[0m                       &amp#27;[90m# Stepdefination.Homepagestepdef.user_clicks_on_my_account_dropdown()&amp#27;[0m
  &amp#27;[32mAnd &amp#27;[0m&amp#27;[32muser clicks on login option&amp#27;[0m                               &amp#27;[90m# Stepdefination.Homepagestepdef.user_clicks_on_login_option()&amp#27;[0m
  &amp#27;[32mAnd &amp#27;[0m&amp#27;[32muser enters &amp#27;[0m&amp#27;[32m&amp#27;[1m"virajvelocity@gmail.com"&amp#27;[0m&amp#27;[32m and &amp#27;[0m&amp#27;[32m&amp#27;[1m"Velocity@1234"&amp#27;[0m &amp#27;[90m# Stepdefination.Homepagestepdef.user_enters_and(java.lang.String,java.lang.String)&amp#27;[0m
  &amp#27;[32mAnd &amp#27;[0m&amp#27;[32muser clicks login button&amp#27;[0m                                  &amp#27;[90m# Stepdefination.Homepagestepdef.user_clicks_login_button()&amp#27;[0m
  &amp#27;[32mThen &amp#27;[0m&amp#27;[32muser should be redirected to the &amp#27;[0m&amp#27;[32m&amp#27;[1m"My Account"&amp#27;[0m&amp#27;[32m page&amp#27;[0m       &amp#27;[90m# Stepdefination.Homepagestepdef.user_should_be_redirected_to_the_page(java.lang.String)&amp#27;[0m
]]></system-out>
  </testcase>
  <testcase name="runScenario[&quot;Search Product&quot;, &quot;Search Faunctionality&quot;](5)" classname="Runner.Runnerclass" time="25.756">
    <system-out><![CDATA[
Scenario: Search Product                                                     &amp#27;[90m# src/test/resources/Appfeatures/SearchProduct.feature:3&amp#27;[0m
  &amp#27;[32mGiven &amp#27;[0m&amp#27;[32mthe user is at the Homepage&amp#27;[0m                                          &amp#27;[90m# Stepdefination.Homepagestepdef.the_user_is_at_the_homepage()&amp#27;[0m
  &amp#27;[32mWhen &amp#27;[0m&amp#27;[32muser searches &amp#27;[0m&amp#27;[32m&amp#27;[1m"MacBook"&amp#27;[0m                                               &amp#27;[90m# Stepdefination.Searchpagestepdef.user_searches(java.lang.String)&amp#27;[0m
  &amp#27;[32mThen &amp#27;[0m&amp#27;[32muser should be able to see &amp#27;[0m&amp#27;[32m&amp#27;[1m"MacBook"&amp#27;[0m&amp#27;[32m, &amp#27;[0m&amp#27;[32m&amp#27;[1m"MacBook Air"&amp#27;[0m&amp#27;[32m and &amp#27;[0m&amp#27;[32m&amp#27;[1m"MacBook Pro"&amp#27;[0m &amp#27;[90m# Stepdefination.Searchpagestepdef.user_should_be_able_to_see_and(java.lang.String,java.lang.String,java.lang.String)&amp#27;[0m
]]></system-out>
  </testcase>
</testsuite>