<?xml version="1.0" encoding="UTF-8"?>
<testng-results ignored="0" total="5" passed="5" failed="0" skipped="0">
  <reporter-output>
  </reporter-output>
  <suite started-at="2025-06-30T09:27:41 IST" name="Suite" finished-at="2025-06-30T09:29:56 IST" duration-ms="135132">
    <groups>
      <group name="cucumber">
        <method signature="AbstractTestNGCucumberTests.runScenario(io.cucumber.testng.PickleWrapper,io.cucumber.testng.FeatureWrapper)[pri:0, instance:Runner.Runnerclass@3b0090a4]" name="runScenario" class="io.cucumber.testng.AbstractTestNGCucumberTests"/>
      </group> <!-- cucumber -->
    </groups>
    <test started-at="2025-06-30T09:27:41 IST" name="Test" finished-at="2025-06-30T09:29:56 IST" duration-ms="135132">
      <class name="Runner.Runnerclass">
        <test-method is-config="true" signature="setUpClass(org.testng.ITestContext)[pri:0, instance:Runner.Runnerclass@3b0090a4]" started-at="2025-06-30T09:27:41 IST" name="setUpClass" finished-at="2025-06-30T09:27:42 IST" duration-ms="350" status="PASS">
          <params>
            <param index="0">
              <value>
                <![CDATA[org.testng.TestRunner@1220ef43]]>
              </value>
            </param>
          </params>
          <reporter-output>
          </reporter-output>
        </test-method> <!-- setUpClass -->
        <test-method signature="runScenario(io.cucumber.testng.PickleWrapper,io.cucumber.testng.FeatureWrapper)[pri:0, instance:Runner.Runnerclass@3b0090a4]" started-at="2025-06-30T09:27:42 IST" name="runScenario" description="Runs Cucumber Scenarios" data-provider="scenarios" finished-at="2025-06-30T09:28:07 IST" duration-ms="24957" status="PASS">
          <params>
            <param index="0">
              <value>
                <![CDATA["Validate Title"]]>
              </value>
            </param>
            <param index="1">
              <value>
                <![CDATA["Homepage Functionality"]]>
              </value>
            </param>
          </params>
          <reporter-output>
          </reporter-output>
        </test-method> <!-- runScenario -->
        <test-method signature="runScenario(io.cucumber.testng.PickleWrapper,io.cucumber.testng.FeatureWrapper)[pri:0, instance:Runner.Runnerclass@3b0090a4]" started-at="2025-06-30T09:28:07 IST" name="runScenario" description="Runs Cucumber Scenarios" data-provider="scenarios" finished-at="2025-06-30T09:28:32 IST" duration-ms="25327" status="PASS">
          <params>
            <param index="0">
              <value>
                <![CDATA["Verify Shopping cart icon"]]>
              </value>
            </param>
            <param index="1">
              <value>
                <![CDATA["Homepage Functionality"]]>
              </value>
            </param>
          </params>
          <reporter-output>
          </reporter-output>
        </test-method> <!-- runScenario -->
        <test-method signature="runScenario(io.cucumber.testng.PickleWrapper,io.cucumber.testng.FeatureWrapper)[pri:0, instance:Runner.Runnerclass@3b0090a4]" started-at="2025-06-30T09:28:32 IST" name="runScenario" description="Runs Cucumber Scenarios" data-provider="scenarios" finished-at="2025-06-30T09:28:58 IST" duration-ms="26306" status="PASS">
          <params>
            <param index="0">
              <value>
                <![CDATA["Checkout featured section"]]>
              </value>
            </param>
            <param index="1">
              <value>
                <![CDATA["Homepage Functionality"]]>
              </value>
            </param>
          </params>
          <reporter-output>
          </reporter-output>
        </test-method> <!-- runScenario -->
        <test-method signature="runScenario(io.cucumber.testng.PickleWrapper,io.cucumber.testng.FeatureWrapper)[pri:0, instance:Runner.Runnerclass@3b0090a4]" started-at="2025-06-30T09:28:58 IST" name="runScenario" description="Runs Cucumber Scenarios" data-provider="scenarios" finished-at="2025-06-30T09:29:30 IST" duration-ms="32026" status="PASS">
          <params>
            <param index="0">
              <value>
                <![CDATA["Login to App"]]>
              </value>
            </param>
            <param index="1">
              <value>
                <![CDATA["Homepage Functionality"]]>
              </value>
            </param>
          </params>
          <reporter-output>
          </reporter-output>
        </test-method> <!-- runScenario -->
        <test-method signature="runScenario(io.cucumber.testng.PickleWrapper,io.cucumber.testng.FeatureWrapper)[pri:0, instance:Runner.Runnerclass@3b0090a4]" started-at="2025-06-30T09:29:30 IST" name="runScenario" description="Runs Cucumber Scenarios" data-provider="scenarios" finished-at="2025-06-30T09:29:56 IST" duration-ms="25757" status="PASS">
          <params>
            <param index="0">
              <value>
                <![CDATA["Search Product"]]>
              </value>
            </param>
            <param index="1">
              <value>
                <![CDATA["Search Faunctionality"]]>
              </value>
            </param>
          </params>
          <reporter-output>
          </reporter-output>
        </test-method> <!-- runScenario -->
        <test-method is-config="true" signature="tearDownClass()[pri:0, instance:Runner.Runnerclass@3b0090a4]" started-at="2025-06-30T09:29:56 IST" name="tearDownClass" finished-at="2025-06-30T09:29:56 IST" duration-ms="372" status="PASS">
          <reporter-output>
          </reporter-output>
        </test-method> <!-- tearDownClass -->
      </class> <!-- Runner.Runnerclass -->
    </test> <!-- Test -->
  </suite> <!-- Suite -->
</testng-results>
